<?xml version="1.0" encoding="UTF-8"?>
<!-- Generated by org.testng.reporters.JUnitReportReporter -->
<testsuite hostname="Mani" failures="0" tests="1" name="com.DataDriven.testCases.OpenAccountTest" time="3.736" errors="0" timestamp="2024-10-10T23:51:30 IST" skipped="0">
  <testcase classname="com.DataDriven.testCases.OpenAccountTest" name="openAccountTest" time="3.736"/>
  <system-out>
    <![CDATA[<br>Verification failure : expected [abc] but found [xyz]<br>
<a target="_blank" href=Thu_Oct_10_23_51_08_IST_2024.jpg>Screenshot</a>
<br>
login successfully executed]]>
  </system-out>
</testsuite> <!-- com.DataDriven.testCases.OpenAccountTest -->
