<?xml version="1.0" encoding="UTF-8"?>
<!-- Generated by org.testng.reporters.JUnitReportReporter -->
<testsuite hostname="Mani" failures="0" tests="1" name="com.DataDriven.testCases.BankManagerLoginTest" time="6.327" errors="0" timestamp="2024-10-10T23:51:30 IST" skipped="0">
  <testcase classname="com.DataDriven.testCases.BankManagerLoginTest" name="bankManagerLoginTest" time="6.327">
    <system-out>
      <![CDATA[<br>Verification failure : expected [abc] but found [xyz]<br>
<a target="_blank" href=Thu_Oct_10_23_51_08_IST_2024.jpg>Screenshot</a>
<br>
login successfully executed]]>
    </system-out>
  </testcase> <!-- bankManagerLoginTest -->
  <system-out>
    <![CDATA[<br>Verification failure : expected [abc] but found [xyz]<br>
<a target="_blank" href=Thu_Oct_10_23_51_08_IST_2024.jpg>Screenshot</a>
<br>
login successfully executed]]>
  </system-out>
</testsuite> <!-- com.DataDriven.testCases.BankManagerLoginTest -->
