<?xml version="1.0" encoding="UTF-8"?>
<!-- Generated by org.testng.reporters.JUnitReportReporter -->
<testsuite hostname="Mani" failures="0" tests="1" name="com.DataDriven.testCases.BankManagerLoginTest" time="6.278" errors="0" timestamp="2024-10-11T00:08:16 IST" skipped="0">
  <testcase classname="com.DataDriven.testCases.BankManagerLoginTest" name="bankManagerLoginTest" time="6.278">
    <system-out>
      <![CDATA[<br>Verification failure : expected [abc] but found [xyz]<br>
<a target="_blank" href=Fri_Oct_11_00_07_53_IST_2024.jpg>Screenshot</a>
<br>
login successfully executed]]>
    </system-out>
  </testcase> <!-- bankManagerLoginTest -->
  <system-out>
    <![CDATA[<br>Verification failure : expected [abc] but found [xyz]<br>
<a target="_blank" href=Fri_Oct_11_00_07_53_IST_2024.jpg>Screenshot</a>
<br>
login successfully executed]]>
  </system-out>
</testsuite> <!-- com.DataDriven.testCases.BankManagerLoginTest -->
